<?xml version="1.0" encoding="UTF-8"?>
<!-- Generated by org.testng.reporters.JUnitReportReporter -->
<testsuite hostname="dell-PC" name="Test_Scripts.TC2" tests="1" failures="0" timestamp="13 Jan 2018 07:06:29 GMT" time="67.253" errors="0">
  <testcase name="Method2" time="67.253" classname="Test_Scripts.TC2"/>
</testsuite> <!-- Test_Scripts.TC2 -->
