<?xml version="1.0" encoding="UTF-8"?>
<!-- Generated by org.testng.reporters.JUnitReportReporter -->
<testsuite hostname="dell-PC" name="Test_Scripts.TC1" tests="1" failures="0" timestamp="13 Jan 2018 07:06:28 GMT" time="116.213" errors="0">
  <testcase name="Method2" time="116.213" classname="Test_Scripts.TC1"/>
</testsuite> <!-- Test_Scripts.TC1 -->
