<?xml version="1.0" encoding="UTF-8"?>
<!-- Generated by org.testng.reporters.JUnitReportReporter -->
<testsuite hostname="dell-PC" name="Test_Scripts.TC4" tests="1" failures="0" timestamp="13 Jan 2018 07:06:29 GMT" time="81.028" errors="0">
  <testcase name="Method4" time="81.028" classname="Test_Scripts.TC4"/>
</testsuite> <!-- Test_Scripts.TC4 -->
